package io.github.h20man13.emulator_ide.verilog_parser.ast.statement.assignment;


import io.github.h20man13.emulator_ide.common.Position;
import io.github.h20man13.emulator_ide.verilog_parser.ast.expression.Expression;
import io.github.h20man13.emulator_ide.verilog_parser.ast.label.LValue;
import io.github.h20man13.emulator_ide.verilog_interpreter.visitor_passes.visitor.StatementVisitor;

/**
 * The Block Assignment class is used to parse blocking assignments These assignments
 * act like traditional assignments in a programming list
 * 
 * @author Jacob Bauer
 */

public class BlockingAssignment extends Assignment<LValue, Expression> {

    /**
     * The BlockAssign constuctor takes in two expressions:
     * 
     * @param lValue the value to be assigned to
     * @param exp    the expression on the right hand side of the equals
     */
    public BlockingAssignment(Position start, LValue lValue, Expression exp) {
        super(start, lValue, exp);
    }

    /**
     * The accept method makes it possible so that nodes know which visitor object to call
     * the visit method from. This is needed because the Visitor method is an interface not
     * a class. All of the classes implementing ASTnode visitor will not have the required
     * dependencies.
     * 
     * @author Jacob Bauer
     */
    public <StatVisitType> StatVisitType accept(StatementVisitor<StatVisitType> statVisitor, Object... argv){
        return statVisitor.visit(this, argv);
    }

    @Override
    public String toString(){
        StringBuilder sb = new StringBuilder();
        sb.append(leftHandSide.toString());
        sb.append(" = ");
        sb.append(rightHandSide.toString());
        return sb.toString();
    }
}
