package io.github.h20man13.emulator_ide.verilog_parser.ast.statement._case_.item;


import io.github.h20man13.emulator_ide.common.Position;
import io.github.h20man13.emulator_ide.verilog_parser.ast.statement.Statement;
import io.github.h20man13.emulator_ide.verilog_interpreter.visitor_passes.visitor.StatementVisitor;

public class DefCaseItem extends CaseItem {

    public DefCaseItem(Position start, Statement stat) {
        super(start, stat);
    }

    /**
     * The accept method makes it possible so that nodes know which visitor object to call
     * the visit method from. This is needed because the Visitor method is an interface not
     * a class. All of the classes implementing ASTnode visitor will not have the required
     * dependencies.
     * 
     * @author Jacob Bauer
     */
    public <StatVisitType> StatVisitType accept(StatementVisitor<StatVisitType> statVisitor, Object... argv){
        return statVisitor.visit(this, argv);
    }

    @Override
    public String toString(){
        StringBuilder sb = new StringBuilder();
        sb.append("default: ");
        sb.append(super.toString());
        return sb.toString();
    }
}
