package io.github.h20man13.emulator_ide.verilog_parser.ast.module_item.variable_declaration;

import io.github.h20man13.emulator_ide.common.Position;
import io.github.h20man13.emulator_ide.verilog_interpreter.visitor_passes.visitor.ModuleVisitor;

public class Real {
    public class Ident extends IdentDeclaration{
        public Ident(Position start, String ident) {
            super(start, ident);
        }
        /**
         * The ast node visitor will allow the user to pass down data through the argument
         * vector. The accept method is needed to know which visit method to run.
         * 
         * @author Jacob Bauer
         */
        public <ModVisitType> ModVisitType accept(ModuleVisitor<ModVisitType> modVisitor, Object... argv){
            return modVisitor.visit(this, argv);
        }

        @Override
        public String toString(){
            StringBuilder sb = new StringBuilder();
            sb.append("real ");
            sb.append(super.toString());
            return sb.toString();
        }
    }
}
