#! /usr/bin/vvp
:ivl_version "10.1 (stable)";
:ivl_delay_selection "TYPICAL";
:vpi_time_precision + 0;
:vpi_module "system";
:vpi_module "vhdl_sys";
:vpi_module "v2005_math";
:vpi_module "va_math";
S_0x555ee529abe0 .scope module, "myModule" "myModule" 2 1;
 .timescale 0 0;
    .scope S_0x555ee529abe0;
T_0 ;
    %vpi_call 2 4 "$display", "%d", 32'sb11111111111111111111111111111101 {0 0 0};
    %end;
    .thread T_0;
# The file index is used to find the file name in the following table.
:file_names 3;
    "N/A";
    "<interactive>";
    "op.v";
